Flutter crash report.
Please report a bug at https://github.com/flutter/flutter/issues.

## command

flutter run --machine --target lib\main.dart -d 4479a2f8 --dart-define=flutter.inspector.structuredErrors=true --start-paused --web-server-debug-protocol ws --web-server-debug-backend-protocol ws --web-allow-expose-url

## exception

StateError: Bad state: No element

```
#0      ListMixin.firstWhere (dart:collection/list.dart:167:5)
#1      DartDevelopmentService.startDartDevelopmentService (package:flutter_tools/src/base/dds.dart:63:32)
<asynchronous suspension>
#2      FlutterDevice.connect.<anonymous closure> (package:flutter_tools/src/resident_runner.dart:249:11)
<asynchronous suspension>
```

## flutter doctor

```
[✓] Flutter (Channel beta, 1.25.0-8.3.pre, on Microsoft Windows [Version 10.0.18363.1316], locale tr-TR)
    • Flutter version 1.25.0-8.3.pre at C:\src\flutter
    • Framework revision 5d36f2e7f5 (2 weeks ago), 2021-01-14 15:57:49 -0800
    • Engine revision 7a8f8ca02c
    • Dart version 2.12.0 (build 2.12.0-133.7.beta)

[✓] Android toolchain - develop for Android devices (Android SDK version 30.0.3)
    • Android SDK at E:\sdk
    • Platform android-30, build-tools 30.0.3
    • ANDROID_HOME = E:\sdk
    • ANDROID_SDK_ROOT = E:\sdk
    • Java binary at: C:\Program Files\Android\Android Studio\jre\bin\java
    • Java version OpenJDK Runtime Environment (build 1.8.0_242-release-1644-b01)
    • All Android licenses accepted.

[✓] Android Studio (version 4.1.0)
    • Android Studio at C:\Program Files\Android\Android Studio
    • Flutter plugin can be installed from:
      🔨 https://plugins.jetbrains.com/plugin/9212-flutter
    • Dart plugin can be installed from:
      🔨 https://plugins.jetbrains.com/plugin/6351-dart
    • Java version OpenJDK Runtime Environment (build 1.8.0_242-release-1644-b01)

[✓] VS Code (version 1.52.1)
    • VS Code at C:\Users\Ayşegül\AppData\Local\Programs\Microsoft VS Code
    • Flutter extension version 3.18.1

[✓] Connected device (1 available)
    • Redmi Note 9S (mobile) • 4479a2f8 • android-arm64 • Android 10 (API 29)

• No issues found!
```
